<?xml version="1.0" encoding="UTF-8"?>
<!-- Generated by org.testng.reporters.JUnitReportReporter -->
<testsuite hostname="DESKTOP-ET0P04N" failures="0" tests="2" name="qaclickacademy.RESTAPITest" time="0.003" errors="0" timestamp="28 Aug 2019 03:38:38 GMT" skipped="0">
  <testcase classname="qaclickacademy.RESTAPITest" name="DeleteTwitter" time="0.002"/>
  <testcase classname="qaclickacademy.RESTAPITest" name="PostJIRA" time="0.001"/>
</testsuite> <!-- qaclickacademy.RESTAPITest -->
