<?xml version="1.0" encoding="UTF-8"?>
<!-- Generated by org.testng.reporters.JUnitReportReporter -->
<testsuite hostname="DESKTOP-ET0P04N" failures="0" tests="2" name="qaclickacademy.SeleniumTest" time="0.014" errors="0" timestamp="28 Aug 2019 03:38:38 GMT" skipped="0">
  <testcase classname="qaclickacademy.SeleniumTest" name="BrowserAutomation" time="0.012"/>
  <testcase classname="qaclickacademy.SeleniumTest" name="ElementsUI" time="0.002"/>
</testsuite> <!-- qaclickacademy.SeleniumTest -->
