<?xml version="1.0" encoding="UTF-8"?>
<!-- Generated by org.testng.reporters.JUnitReportReporter -->
<testsuite skipped="0" hostname="DESKTOP-ET0P04N" name="qaclickacademy.RESTAPITest" tests="2" failures="0" timestamp="2019-08-28T13:26:40 PDT" time="0.000" errors="0">
  <testcase name="PostJIRA" time="0.000" classname="qaclickacademy.RESTAPITest"/>
  <testcase name="DeleteTwitter" time="0.000" classname="qaclickacademy.RESTAPITest"/>
</testsuite> <!-- qaclickacademy.RESTAPITest -->
